build/app/outputs/mapping/release/seeds.txt
com.mortgageexpressau.mortgageexpress.mortgage_exp.MainActivity: MainActivity()
com.mortgageexpressau.mortgageexpress.mortgage_exp.MainActivity
...
com.google.android.gms.internal.firebase-auth-api.zzgp
androidx.window.embedding.EmbeddingAdapter: boolean translateActivityPairPredicates$lambda-1(androidx.window.embedding.EmbeddingAdapter,java.util.Set,android.util.Pair)
io.flutter.plugins.webviewflutter.WebViewHostApiImpl$WebViewPlatformView: void setDownloadListener(android.webkit.DownloadListener)
androidx.window.embedding.ExtensionEmbeddingBackend$Companion: androidx.window.embedding.EmbeddingInterfaceCompat initAndVerifyEmbeddingExtension()
androidx.window.layout.FoldingFeature
androidx.window.embedding.SplitController$Companion: void initialize(android.content.Context,int)
androidx.window.embedding.SplitPairFilter: android.content.ComponentName getSecondaryActivityName()
kotlin.jvm.internal.FunctionReference: boolean isExternal()
androidx.window.core.Bounds: int getLeft()
kotlin.coroutines.AbstractCoroutineContextElement: AbstractCoroutineContextElement(kotlin.coroutines.CoroutineContext$Key)
com.google.android.gms.internal.firebase-auth-api.zzig: com.google.android.gms.internal.firebase-auth-api.zzig[] values()
androidx.window.core.Version$Companion: Version$Companion()
kotlin.jvm.internal.CallableReference: java.lang.Object receiver
kotlin.jvm.internal.CallableReference: boolean isSuspend()
androidx.window.layout.ExtensionsWindowLayoutInfoAdapter: androidx.window.layout.ExtensionsWindowLayoutInfoAdapter INSTANCE
org.chromium.support_lib_boundary.WebkitToCompatConverterBoundaryInterface: java.lang.Object convertWebResourceError(java.lang.reflect.InvocationHandler)
org.chromium.support_lib_boundary.StaticsBoundaryInterface: void setSafeBrowsingWhitelist(java.util.List,android.webkit.ValueCallback)
io.flutter.view.AccessibilityBridge$Flag: io.flutter.view.AccessibilityBridge$Flag[] values()
androidx.window.java.layout.WindowInfoTrackerCallbackAdapter$addListener$1$1: WindowInfoTrackerCallbackAdapter$addListener$1$1(kotlinx.coroutines.flow.Flow,androidx.core.util.Consumer,kotlin.coroutines.Continuation)
io.flutter.embedding.engine.renderer.SurfaceTextureWrapper: void detachFromGLContext()
androidx.window.embedding.SplitController: void removeSplitListener(androidx.core.util.Consumer)
com.google.android.gms.internal.firebase-auth-api.zzhw: com.google.android.gms.internal.firebase-auth-api.zzhz zze
androidx.window.embedding.MatcherUtils
io.flutter.embedding.engine.mutatorsstack.FlutterMutatorsStack: android.graphics.Matrix getFinalMatrix()
androidx.window.embedding.ExtensionEmbeddingBackend: java.lang.String TAG
androidx.core.graphics.drawable.IconCompat: IconCompat()
androidx.window.embedding.ActivityFilter: android.content.ComponentName componentName
androidx.savedstate.SavedStateRegistry$1
androidx.window.embedding.SplitInfo: boolean contains(android.app.Activity)
androidx.window.embedding.SplitController: androidx.window.embedding.EmbeddingBackend embeddingBackend
kotlinx.coroutines.channels.ConflatedChannel
androidx.window.layout.WindowMetrics: java.lang.String toString()
androidx.window.embedding.SplitRuleParser: java.util.Set parseSplitXml(android.content.Context,int)
com.google.android.gms.internal.firebase-auth-api.zzha: com.google.android.gms.internal.firebase-auth-api.zzgu zzf
androidx.window.layout.SidecarCompat$DistinctSidecarElementCallback
androidx.window.layout.WindowInfoTrackerImpl$windowLayoutInfo$1: WindowInfoTrackerImpl$windowLayoutInfo$1(androidx.window.layout.WindowInfoTrackerImpl,android.app.Activity,kotlin.coroutines.Continuation)
io.flutter.embedding.engine.FlutterJNI: void updateSemantics(java.nio.ByteBuffer,java.lang.String[],java.nio.ByteBuffer[])
com.google.firebase.auth.internal.zzr: android.os.Parcelable$Creator CREATOR
com.google.android.gms.internal.firebase-auth-api.zziv: int zzg
androidx.window.embedding.ActivityStack: ActivityStack(java.util.List,boolean,int,kotlin.jvm.internal.DefaultConstructorMarker)