build/app/outputs/mapping/release/mapping.txt
# compiler: R8
# compiler_version: 2.1.62
# min_api: 19
# pg_map_id: eaf421e
# common_typos_disable
...
io.flutter.plugins.webviewflutter.-$$Lambda$GeneratedAndroidWebView$WebViewHostApi$VKyHUa0SGmfWNZVCxee7dUARzlk -> io.flutter.plugins.e.b1:
    io.flutter.plugins.webviewflutter.GeneratedAndroidWebView$WebViewHostApi f$0 -> a
    void onMessage(java.lang.Object,io.flutter.plugin.common.BasicMessageChannel$Reply) -> a
io.flutter.plugins.webviewflutter.-$$Lambda$GeneratedAndroidWebView$WebViewHostApi$XAuKpx02446Sf4HIaZ_EtZDZU8s -> io.flutter.plugins.e.c1:
    io.flutter.plugins.webviewflutter.GeneratedAndroidWebView$WebViewHostApi f$0 -> a
    void onMessage(java.lang.Object,io.flutter.plugin.common.BasicMessageChannel$Reply) -> a
io.flutter.plugins.webviewflutter.-$$Lambda$GeneratedAndroidWebView$WebViewHostApi$jhe8tClQ64V1jKNBJcJVDvmizQM -> io.flutter.plugins.e.d1:
    io.flutter.plugins.webviewflutter.GeneratedAndroidWebView$WebViewHostApi f$0 -> a
    void onMessage(java.lang.Object,io.flutter.plugin.common.BasicMessageChannel$Reply) -> a
io.flutter.plugins.webviewflutter.-$$Lambda$GeneratedAndroidWebView$WebViewHostApi$mDC9ve5IvX7HWR4lgO_yEiJKvTc -> io.flutter.plugins.e.e1:
    io.flutter.plugins.webviewflutter.GeneratedAndroidWebView$WebViewHostApi f$0 -> a
    void onMessage(java.lang.Object,io.flutter.plugin.common.BasicMessageChannel$Reply) -> a
io.flutter.plugins.webviewflutter.-$$Lambda$GeneratedAndroidWebView$WebViewHostApi$maTUWhzWMclr05x0gaJCNsPDvgE -> io.flutter.plugins.e.f1:
    io.flutter.plugins.webviewflutter.GeneratedAndroidWebView$WebViewHostApi f$0 -> a
    void onMessage(java.lang.Object,io.flutter.plugin.common.BasicMessageChannel$Reply) -> a
io.flutter.plugins.webviewflutter.-$$Lambda$GeneratedAndroidWebView$WebViewHostApi$nPwj9lkAhJ1-G1e7pneq3xc0MxM -> io.flutter.plugins.e.g1:
    io.flutter.plugins.webviewflutter.GeneratedAndroidWebView$WebViewHostApi f$0 -> a
    void onMessage(java.lang.Object,io.flutter.plugin.common.BasicMessageChannel$Reply) -> a
io.flutter.plugins.webviewflutter.-$$Lambda$GeneratedAndroidWebView$WebViewHostApi$pRQPY61ck-1XddJ9B4vaHi3U5_o -> io.flutter.plugins.e.h1:
    io.flutter.plugins.webviewflutter.GeneratedAndroidWebView$WebViewHostApi f$0 -> a
    void onMessage(java.lang.Object,io.flutter.plugin.common.BasicMessageChannel$Reply) -> a
io.flutter.plugins.webviewflutter.-$$Lambda$GeneratedAndroidWebView$WebViewHostApi$qr4DXIFjmcGxGUL6IqHXbpIMvxU -> io.flutter.plugins.e.i1:
    io.flutter.plugins.webviewflutter.GeneratedAndroidWebView$WebViewHostApi f$0 -> a
    void onMessage(java.lang.Object,io.flutter.plugin.common.BasicMessageChannel$Reply) -> a
io.flutter.plugins.webviewflutter.-$$Lambda$GeneratedAndroidWebView$WebViewHostApi$wONbqQW8DhZ_JycofvE820BFzEQ -> io.flutter.plugins.e.j1:
    io.flutter.plugins.webviewflutter.GeneratedAndroidWebView$WebViewHostApi f$0 -> a
    void onMessage(java.lang.Object,io.flutter.plugin.common.BasicMessageChannel$Reply) -> a
io.flutter.plugins.webviewflutter.-$$Lambda$GeneratedAndroidWebView$WebViewHostApi$zC-d4IBTaBTG-9hp7C-TGInTr1c -> io.flutter.plugins.e.k1:
    io.flutter.plugins.webviewflutter.GeneratedAndroidWebView$WebViewHostApi f$0 -> a
    void onMessage(java.lang.Object,io.flutter.plugin.common.BasicMessageChannel$Reply) -> a
io.flutter.plugins.webviewflutter.-$$Lambda$GeneratedAndroidWebView$WebViewHostApi$zbaY0gjF2NpjRBZHNtAakdDOTww -> io.flutter.plugins.e.l1:
    io.flutter.plugins.webviewflutter.GeneratedAndroidWebView$WebViewHostApi f$0 -> a
    void onMessage(java.lang.Object,io.flutter.plugin.common.BasicMessageChannel$Reply) -> a
io.flutter.plugins.webviewflutter.-$$Lambda$JavaScriptChannel$ESrw7ojxGOPCxxUcB0D2JHSkUZ4 -> io.flutter.plugins.e.m1:
    io.flutter.plugins.webviewflutter.-$$Lambda$JavaScriptChannel$ESrw7ojxGOPCxxUcB0D2JHSkUZ4 INSTANCE -> a
    void reply(java.lang.Object) -> a
io.flutter.plugins.webviewflutter.-$$Lambda$JavaScriptChannel$K7533Hqo0qg7ff56ym-eNCAOHa4 -> io.flutter.plugins.e.n1:
    java.lang.String f$1 -> f
    io.flutter.plugins.webviewflutter.JavaScriptChannel f$0 -> e