build/app/outputs/mapping/release/usage.txt
com.mortgageexpressau.mortgageexpress.mortgage_exp.BuildConfig
com.mortgageexpressau.mortgageexpress.mortgage_exp.R$styleable
com.mortgageexpressau.mortgageexpress.mortgage_exp.R$layout
com.mortgageexpressau.mortgageexpress.mortgage_exp.R$xml
com.mortgageexpressau.mortgageexpress.mortgage_exp.R$drawable
com.mortgageexpressau.mortgageexpress.mortgage_exp.R$style
com.mortgageexpressau.mortgageexpress.mortgage_exp.R$id
com.mortgageexpressau.mortgageexpress.mortgage_exp.R$integer
com.mortgageexpressau.mortgageexpress.mortgage_exp.R$string
com.mortgageexpressau.mortgageexpress.mortgage_exp.R
com.mortgageexpressau.mortgageexpress.mortgage_exp.R$color
com.mortgageexpressau.mortgageexpress.mortgage_exp.R$attr
com.mortgageexpressau.mortgageexpress.mortgage_exp.R$mipmap
com.mortgageexpressau.mortgageexpress.mortgage_exp.R$dimen
...
com.google.common.collect.ImmutableMapValues
kotlin.UIntArrayKt
kotlinx.coroutines.flow.FlowKt__LimitKt$takeWhile$$inlined$unsafeFlow$1
kotlinx.coroutines.channels.Send:
    public abstract void resumeSendClosed(kotlinx.coroutines.channels.Closed)
com.google.common.util.concurrent.ForwardingFuture
androidx.legacy.coreutils.R$drawable
com.google.android.gms.common.stats.WakeLockEvent
com.google.common.graph.MutableGraph
androidx.loader.R$drawable
com.google.common.collect.ImmutableListMultimap$Builder
kotlinx.coroutines.flow.FlowKt__TransformKt$runningFold$lambda-10$$inlined$collect$1
kotlin.io.FileTreeWalk$WalkState
com.google.common.collect.LinkedListMultimap$DistinctKeyIterator
com.google.android.gms.internal.firebase-auth-api.zzhx:
    static void <clinit>()
    static final synthetic int[] zza
android.support.customtabs.ICustomTabsCallback$Stub$Proxy
com.google.android.gms.common.config.GservicesValue$zza
com.google.common.collect.ImmutableMultiset$EntrySet
com.google.android.gms.common.api.internal.zaas
kotlin.random.AbstractPlatformRandom:
    public int nextInt(int)
    public long nextLong()
    public boolean nextBoolean()
    public double nextDouble()
    public float nextFloat()
    public byte[] nextBytes(byte[])
androidx.slidingpanelayout.widget.SlidingPaneLayout$DisableLayerRunnable
kotlinx.coroutines.channels.ConflatedBroadcastChannel$Closed
com.google.common.collect.Multisets$3
com.google.common.collect.TreeMultiset$1
kotlin.jvm.internal.IntCompanionObject
com.google.common.primitives.Floats$FloatConverter
com.google.common.collect.ImmutableSortedSet
io.flutter.embedding.engine.mutatorsstack.FlutterMutatorsStack$FlutterMutator:
    public void <init>(io.flutter.embedding.engine.mutatorsstack.FlutterMutatorsStack,android.graphics.Path)
    public io.flutter.embedding.engine.mutatorsstack.FlutterMutatorsStack$FlutterMutatorType getType()
    public android.graphics.Rect getRect()
    public android.graphics.Path getPath()
    private android.graphics.Path path
com.google.common.base.Joiner
com.google.common.io.ReaderInputStream
androidx.annotation.RequiresPermission$Read
com.google.common.escape.Escapers
com.google.android.gms.internal.auth-api-phone.zzf
kotlin.collections.SetsKt___SetsKt:
    public static final java.util.Set minus(java.util.Set,java.lang.Object)
    public static final java.util.Set minus(java.util.Set,java.lang.Object[])
    public static final java.util.Set minus(java.util.Set,java.lang.Iterable)
    public static final java.util.Set minus(java.util.Set,kotlin.sequences.Sequence)
    private static final java.util.Set minusElement(java.util.Set,java.lang.Object)
    public static final java.util.Set plus(java.util.Set,java.lang.Object)
    public static final java.util.Set plus(java.util.Set,java.lang.Object[])
    public static final java.util.Set plus(java.util.Set,java.lang.Iterable)
    public static final java.util.Set plus(java.util.Set,kotlin.sequences.Sequence)
    private static final java.util.Set plusElement(java.util.Set,java.lang.Object)
    public void <init>()
com.google.common.collect.package-info
androidx.webkit.ServiceWorkerWebSettingsCompat$CacheMode
com.google.common.util.concurrent.ExecutionSequencer$2
kotlin.jvm.internal.MagicApiIntrinsics
com.google.common.collect.RegularImmutableMultiset
androidx.cursoradapter.widget.CursorAdapter
kotlin.collections.AbstractList$SubList